This is pdfTeX, Version 3.14159265-2.6-1.40.17 (TeX Live 2016) (preloaded format=pdflatex 2017.1.18)  21 MAR 2018 13:40
entering extended mode
 restricted \write18 enabled.
 file:line:error style messages enabled.
 %&-line parsing enabled.
**report.tex
(./report.tex
LaTeX2e <2016/03/31>
Babel <3.9r> and hyphenation patterns for 83 language(s) loaded.
(/usr/local/texlive/2016/texmf-dist/tex/latex/base/article.cls
Document Class: article 2014/09/29 v1.4h Standard LaTeX document class
(/usr/local/texlive/2016/texmf-dist/tex/latex/base/size11.clo
File: size11.clo 2014/09/29 v1.4h Standard LaTeX file (size option)
)
\c@part=\count79
\c@section=\count80
\c@subsection=\count81
\c@subsubsection=\count82
\c@paragraph=\count83
\c@subparagraph=\count84
\c@figure=\count85
\c@table=\count86
\abovecaptionskip=\skip41
\belowcaptionskip=\skip42
\bibindent=\dimen102
)
(/usr/local/texlive/2016/texmf-dist/tex/latex/geometry/geometry.sty
Package: geometry 2010/09/12 v5.6 Page Geometry

(/usr/local/texlive/2016/texmf-dist/tex/latex/graphics/keyval.sty
Package: keyval 2014/10/28 v1.15 key=value parser (DPC)
\KV@toks@=\toks14
)
(/usr/local/texlive/2016/texmf-dist/tex/generic/oberdiek/ifpdf.sty
Package: ifpdf 2016/05/14 v3.1 Provides the ifpdf switch
)
(/usr/local/texlive/2016/texmf-dist/tex/generic/oberdiek/ifvtex.sty
Package: ifvtex 2016/05/16 v1.6 Detect VTeX and its facilities (HO)
Package ifvtex Info: VTeX not detected.
)
(/usr/local/texlive/2016/texmf-dist/tex/generic/ifxetex/ifxetex.sty
Package: ifxetex 2010/09/12 v0.6 Provides ifxetex conditional
)
\Gm@cnth=\count87
\Gm@cntv=\count88
\c@Gm@tempcnt=\count89
\Gm@bindingoffset=\dimen103
\Gm@wd@mp=\dimen104
\Gm@odd@mp=\dimen105
\Gm@even@mp=\dimen106
\Gm@layoutwidth=\dimen107
\Gm@layoutheight=\dimen108
\Gm@layouthoffset=\dimen109
\Gm@layoutvoffset=\dimen110
\Gm@dimlist=\toks15
)
(/usr/local/texlive/2016/texmf-dist/tex/latex/parskip/parskip.sty
Package: parskip 2001/04/09 non-zero parskip adjustments
)
(/usr/local/texlive/2016/texmf-dist/tex/latex/graphics/graphicx.sty
Package: graphicx 2014/10/28 v1.0g Enhanced LaTeX Graphics (DPC,SPQR)

(/usr/local/texlive/2016/texmf-dist/tex/latex/graphics/graphics.sty
Package: graphics 2016/05/09 v1.0r Standard LaTeX Graphics (DPC,SPQR)

(/usr/local/texlive/2016/texmf-dist/tex/latex/graphics/trig.sty
Package: trig 2016/01/03 v1.10 sin cos tan (DPC)
)
(/usr/local/texlive/2016/texmf-dist/tex/latex/graphics-cfg/graphics.cfg
File: graphics.cfg 2016/01/02 v1.10 sample graphics configuration
)
Package graphics Info: Driver file: pdftex.def on input line 96.

(/usr/local/texlive/2016/texmf-dist/tex/latex/pdftex-def/pdftex.def
File: pdftex.def 2011/05/27 v0.06d Graphics/color for pdfTeX

(/usr/local/texlive/2016/texmf-dist/tex/generic/oberdiek/infwarerr.sty
Package: infwarerr 2016/05/16 v1.4 Providing info/warning/error messages (HO)
)
(/usr/local/texlive/2016/texmf-dist/tex/generic/oberdiek/ltxcmds.sty
Package: ltxcmds 2016/05/16 v1.23 LaTeX kernel commands for general use (HO)
)
\Gread@gobject=\count90
))
\Gin@req@height=\dimen111
\Gin@req@width=\dimen112
)
(/usr/local/texlive/2016/texmf-dist/tex/latex/amscls/amsthm.sty
Package: amsthm 2015/03/04 v2.20.2
\thm@style=\toks16
\thm@bodyfont=\toks17
\thm@headfont=\toks18
\thm@notefont=\toks19
\thm@headpunct=\toks20
\thm@preskip=\skip43
\thm@postskip=\skip44
\thm@headsep=\skip45
\dth@everypar=\toks21
)
(/usr/local/texlive/2016/texmf-dist/tex/latex/amsmath/amsmath.sty
Package: amsmath 2016/03/10 v2.15b AMS math features
\@mathmargin=\skip46

For additional information on amsmath, use the `?' option.
(/usr/local/texlive/2016/texmf-dist/tex/latex/amsmath/amstext.sty
Package: amstext 2000/06/29 v2.01 AMS text

(/usr/local/texlive/2016/texmf-dist/tex/latex/amsmath/amsgen.sty
File: amsgen.sty 1999/11/30 v2.0 generic functions
\@emptytoks=\toks22
\ex@=\dimen113
))
(/usr/local/texlive/2016/texmf-dist/tex/latex/amsmath/amsbsy.sty
Package: amsbsy 1999/11/29 v1.2d Bold Symbols
\pmbraise@=\dimen114
)
(/usr/local/texlive/2016/texmf-dist/tex/latex/amsmath/amsopn.sty
Package: amsopn 2016/03/08 v2.02 operator names
)
\inf@bad=\count91
LaTeX Info: Redefining \frac on input line 199.
\uproot@=\count92
\leftroot@=\count93
LaTeX Info: Redefining \overline on input line 297.
\classnum@=\count94
\DOTSCASE@=\count95
LaTeX Info: Redefining \ldots on input line 394.
LaTeX Info: Redefining \dots on input line 397.
LaTeX Info: Redefining \cdots on input line 518.
\Mathstrutbox@=\box26
\strutbox@=\box27
\big@size=\dimen115
LaTeX Font Info:    Redeclaring font encoding OML on input line 634.
LaTeX Font Info:    Redeclaring font encoding OMS on input line 635.
\macc@depth=\count96
\c@MaxMatrixCols=\count97
\dotsspace@=\muskip10
\c@parentequation=\count98
\dspbrk@lvl=\count99
\tag@help=\toks23
\row@=\count100
\column@=\count101
\maxfields@=\count102
\andhelp@=\toks24
\eqnshift@=\dimen116
\alignsep@=\dimen117
\tagshift@=\dimen118
\tagwidth@=\dimen119
\totwidth@=\dimen120
\lineht@=\dimen121
\@envbody=\toks25
\multlinegap=\skip47
\multlinetaggap=\skip48
\mathdisplay@stack=\toks26
LaTeX Info: Redefining \[ on input line 2739.
LaTeX Info: Redefining \] on input line 2740.
)
(/usr/local/texlive/2016/texmf-dist/tex/latex/amsfonts/amssymb.sty
Package: amssymb 2013/01/14 v3.01 AMS font symbols

(/usr/local/texlive/2016/texmf-dist/tex/latex/amsfonts/amsfonts.sty
Package: amsfonts 2013/01/14 v3.01 Basic AMSFonts support
\symAMSa=\mathgroup4
\symAMSb=\mathgroup5
LaTeX Font Info:    Overwriting math alphabet `\mathfrak' in version `bold'
(Font)                  U/euf/m/n --> U/euf/b/n on input line 106.
))
(/usr/local/texlive/2016/texmf-dist/tex/latex/float/float.sty
Package: float 2001/11/08 v1.3d Float enhancements (AL)
\c@float@type=\count103
\float@exts=\toks27
\float@box=\box28
\@float@everytoks=\toks28
\@floatcapt=\box29
) (./report.aux)
\openout1 = `report.aux'.

LaTeX Font Info:    Checking defaults for OML/cmm/m/it on input line 21.
LaTeX Font Info:    ... okay on input line 21.
LaTeX Font Info:    Checking defaults for T1/cmr/m/n on input line 21.
LaTeX Font Info:    ... okay on input line 21.
LaTeX Font Info:    Checking defaults for OT1/cmr/m/n on input line 21.
LaTeX Font Info:    ... okay on input line 21.
LaTeX Font Info:    Checking defaults for OMS/cmsy/m/n on input line 21.
LaTeX Font Info:    ... okay on input line 21.
LaTeX Font Info:    Checking defaults for OMX/cmex/m/n on input line 21.
LaTeX Font Info:    ... okay on input line 21.
LaTeX Font Info:    Checking defaults for U/cmr/m/n on input line 21.
LaTeX Font Info:    ... okay on input line 21.

*geometry* driver: auto-detecting
*geometry* detected driver: pdftex
*geometry* verbose mode - [ preamble ] result:
* driver: pdftex
* paper: a4paper
* layout: <same size as paper>
* layoutoffset:(h,v)=(0.0pt,0.0pt)
* modes: 
* h-part:(L,W,R)=(89.62709pt, 418.25368pt, 89.6271pt)
* v-part:(T,H,B)=(101.40665pt, 591.5302pt, 152.11pt)
* \paperwidth=597.50787pt
* \paperheight=845.04684pt
* \textwidth=418.25368pt
* \textheight=591.5302pt
* \oddsidemargin=17.3571pt
* \evensidemargin=17.3571pt
* \topmargin=-7.86334pt
* \headheight=12.0pt
* \headsep=25.0pt
* \topskip=11.0pt
* \footskip=30.0pt
* \marginparwidth=59.0pt
* \marginparsep=10.0pt
* \columnsep=10.0pt
* \skip\footins=10.0pt plus 4.0pt minus 2.0pt
* \hoffset=0.0pt
* \voffset=0.0pt
* \mag=1000
* \@twocolumnfalse
* \@twosidefalse
* \@mparswitchfalse
* \@reversemarginfalse
* (1in=72.27pt=25.4mm, 1cm=28.453pt)

(/usr/local/texlive/2016/texmf-dist/tex/context/base/mkii/supp-pdf.mkii
[Loading MPS to PDF converter (version 2006.09.02).]
\scratchcounter=\count104
\scratchdimen=\dimen122
\scratchbox=\box30
\nofMPsegments=\count105
\nofMParguments=\count106
\everyMPshowfont=\toks29
\MPscratchCnt=\count107
\MPscratchDim=\dimen123
\MPnumerator=\count108
\makeMPintoPDFobject=\count109
\everyMPtoPDFconversion=\toks30
) (/usr/local/texlive/2016/texmf-dist/tex/generic/oberdiek/pdftexcmds.sty
Package: pdftexcmds 2016/05/10 v0.21 Utility functions of pdfTeX for LuaTeX (HO
)

(/usr/local/texlive/2016/texmf-dist/tex/generic/oberdiek/ifluatex.sty
Package: ifluatex 2016/05/16 v1.4 Provides the ifluatex switch (HO)
Package ifluatex Info: LuaTeX not detected.
)
Package pdftexcmds Info: LuaTeX not detected.
Package pdftexcmds Info: \pdf@primitive is available.
Package pdftexcmds Info: \pdf@ifprimitive is available.
Package pdftexcmds Info: \pdfdraftmode found.
)
(/usr/local/texlive/2016/texmf-dist/tex/latex/oberdiek/epstopdf-base.sty
Package: epstopdf-base 2016/05/15 v2.6 Base part for package epstopdf

(/usr/local/texlive/2016/texmf-dist/tex/latex/oberdiek/grfext.sty
Package: grfext 2016/05/16 v1.2 Manage graphics extensions (HO)

(/usr/local/texlive/2016/texmf-dist/tex/generic/oberdiek/kvdefinekeys.sty
Package: kvdefinekeys 2016/05/16 v1.4 Define keys (HO)
))
(/usr/local/texlive/2016/texmf-dist/tex/latex/oberdiek/kvoptions.sty
Package: kvoptions 2016/05/16 v3.12 Key value format for package options (HO)

(/usr/local/texlive/2016/texmf-dist/tex/generic/oberdiek/kvsetkeys.sty
Package: kvsetkeys 2016/05/16 v1.17 Key value parser (HO)

(/usr/local/texlive/2016/texmf-dist/tex/generic/oberdiek/etexcmds.sty
Package: etexcmds 2016/05/16 v1.6 Avoid name clashes with e-TeX commands (HO)
Package etexcmds Info: Could not find \expanded.
(etexcmds)             That can mean that you are not using pdfTeX 1.50 or
(etexcmds)             that some package has redefined \expanded.
(etexcmds)             In the latter case, load this package earlier.
)))
Package grfext Info: Graphics extension search list:
(grfext)             [.png,.pdf,.jpg,.mps,.jpeg,.jbig2,.jb2,.PNG,.PDF,.JPG,.JPE
G,.JBIG2,.JB2,.eps]
(grfext)             \AppendGraphicsExtensions on input line 456.

(/usr/local/texlive/2016/texmf-dist/tex/latex/latexconfig/epstopdf-sys.cfg
File: epstopdf-sys.cfg 2010/07/13 v1.3 Configuration of (r)epstopdf for TeX Liv
e
))
LaTeX Font Info:    Try loading font information for U+msa on input line 22.

(/usr/local/texlive/2016/texmf-dist/tex/latex/amsfonts/umsa.fd
File: umsa.fd 2013/01/14 v3.01 AMS symbols A
)
LaTeX Font Info:    Try loading font information for U+msb on input line 22.

(/usr/local/texlive/2016/texmf-dist/tex/latex/amsfonts/umsb.fd
File: umsb.fd 2013/01/14 v3.01 AMS symbols B
) [1

{/usr/local/texlive/2016/texmf-var/fonts/map/pdftex/updmap/pdftex.map}]
Overfull \hbox (2.52574pt too wide) in paragraph at lines 28--29
[]\OT1/cmr/m/n/10.95 To sim-plify the re-sults, the given equa-tion has been re
-ar-ranged in terms of $\OML/cmm/m/it/10.95 V[]$ \OT1/cmr/m/n/10.95 ($\OML/cmm/
m/it/10.95 V[]$\OT1/cmr/m/n/10.95 ): 
 []

[1] <exercise1_1.jpg, id=18, 562.1pt x 421.575pt>
File: exercise1_1.jpg Graphic file (type jpg)
 <use exercise1_1.jpg>
Package pdftex.def Info: exercise1_1.jpg used on input line 72.
(pdftex.def)             Requested size: 281.04932pt x 210.78697pt.

<exercise1_2.jpg, id=19, 562.1pt x 421.575pt>
File: exercise1_2.jpg Graphic file (type jpg)
 <use exercise1_2.jpg>
Package pdftex.def Info: exercise1_2.jpg used on input line 87.
(pdftex.def)             Requested size: 281.04932pt x 210.78697pt.
 [2 <./exercise1_1.jpg>] <exercise1_3.jpg, id=24, 562.1pt x 421.575pt>
File: exercise1_3.jpg Graphic file (type jpg)

<use exercise1_3.jpg>
Package pdftex.def Info: exercise1_3.jpg used on input line 95.
(pdftex.def)             Requested size: 281.04932pt x 210.78697pt.
 <exercise1_4.jpg, id=25, 562.1pt x 421.575pt>
File: exercise1_4.jpg Graphic file (type jpg)

<use exercise1_4.jpg>
Package pdftex.def Info: exercise1_4.jpg used on input line 103.
(pdftex.def)             Requested size: 281.04932pt x 210.78697pt.
 [3 <./exercise1_2.jpg> <./exercise1_3.jpg>]
<exercise1_5.jpg, id=29, 562.1pt x 421.575pt>
File: exercise1_5.jpg Graphic file (type jpg)
 <use exercise1_5.jpg>
Package pdftex.def Info: exercise1_5.jpg used on input line 124.
(pdftex.def)             Requested size: 281.04932pt x 210.78697pt.
 [4 <./exercise1_4.jpg>] <exercise1_6.jpg, id=33, 562.1pt x 421.575pt>
File: exercise1_6.jpg Graphic file (type jpg)

<use exercise1_6.jpg>
Package pdftex.def Info: exercise1_6.jpg used on input line 134.
(pdftex.def)             Requested size: 281.04932pt x 210.78697pt.
 [5 <./exercise1_5.jpg> <./exercise1_6.jpg>]
<exercise1_7.jpg, id=37, 562.1pt x 421.575pt>
File: exercise1_7.jpg Graphic file (type jpg)
 <use exercise1_7.jpg>
Package pdftex.def Info: exercise1_7.jpg used on input line 144.
(pdftex.def)             Requested size: 281.04932pt x 210.78697pt.

<exercise1_8.jpg, id=38, 562.1pt x 421.575pt>
File: exercise1_8.jpg Graphic file (type jpg)
 <use exercise1_8.jpg>
Package pdftex.def Info: exercise1_8.jpg used on input line 155.
(pdftex.def)             Requested size: 281.04932pt x 210.78697pt.
 [6 <./exercise1_7.jpg>] <exercise1_9.jpg, id=44, 562.1pt x 421.575pt>
File: exercise1_9.jpg Graphic file (type jpg)

<use exercise1_9.jpg>
Package pdftex.def Info: exercise1_9.jpg used on input line 163.
(pdftex.def)             Requested size: 281.04932pt x 210.78697pt.
 <exercise1_10.jpg, id=45, 562.1pt x 421.575pt>
File: exercise1_10.jpg Graphic file (type jpg)

<use exercise1_10.jpg>
Package pdftex.def Info: exercise1_10.jpg used on input line 172.
(pdftex.def)             Requested size: 281.04932pt x 210.78697pt.
 [7 <./exercise1_8.jpg> <./exercise1_9.jpg>]
<exercise1_11.jpg, id=49, 562.1pt x 421.575pt>
File: exercise1_11.jpg Graphic file (type jpg)
 <use exercise1_11.jpg>
Package pdftex.def Info: exercise1_11.jpg used on input line 180.
(pdftex.def)             Requested size: 281.04932pt x 210.78697pt.
 [8 <./exercise1_10.jpg> <./exercise1_11.jpg>]
<exercise1_12.jpg, id=53, 562.1pt x 421.575pt>
File: exercise1_12.jpg Graphic file (type jpg)
 <use exercise1_12.jpg>
Package pdftex.def Info: exercise1_12.jpg used on input line 188.
(pdftex.def)             Requested size: 281.04932pt x 210.78697pt.

<exercise1_13.jpg, id=54, 562.1pt x 421.575pt>
File: exercise1_13.jpg Graphic file (type jpg)
 <use exercise1_13.jpg>
Package pdftex.def Info: exercise1_13.jpg used on input line 198.
(pdftex.def)             Requested size: 281.04932pt x 210.78697pt.
 [9 <./exercise1_12.jpg>] <exercise1_14.jpg, id=58, 562.1pt x 421.575pt>
File: exercise1_14.jpg Graphic file (type jpg)

<use exercise1_14.jpg>
Package pdftex.def Info: exercise1_14.jpg used on input line 208.
(pdftex.def)             Requested size: 281.04932pt x 210.78697pt.
 [10 <./exercise1_13.jpg>]
<exercise1_15.jpg, id=62, 562.1pt x 421.575pt>
File: exercise1_15.jpg Graphic file (type jpg)
 <use exercise1_15.jpg>
Package pdftex.def Info: exercise1_15.jpg used on input line 222.
(pdftex.def)             Requested size: 281.04932pt x 210.78697pt.
 [11 <./exercise1_14.jpg>] [12 <./exercise1_15.jpg>]
<exercise2_1.jpg, id=70, 632.3625pt x 1422.31375pt>
File: exercise2_1.jpg Graphic file (type jpg)
 <use exercise2_1.jpg>
Package pdftex.def Info: exercise2_1.jpg used on input line 253.
(pdftex.def)             Requested size: 221.33018pt x 497.81728pt.

[13] [14 <./exercise2_1.jpg>]
<exercise2_2.jpg, id=81, 632.3625pt x 1431.3475pt>
File: exercise2_2.jpg Graphic file (type jpg)
 <use exercise2_2.jpg>
Package pdftex.def Info: exercise2_2.jpg used on input line 261.
(pdftex.def)             Requested size: 221.33018pt x 500.97913pt.

[15] [16 <./exercise2_2.jpg>]
<exercise2_3.jpg, id=88, 632.3625pt x 1423.3175pt>
File: exercise2_3.jpg Graphic file (type jpg)
 <use exercise2_3.jpg>
Package pdftex.def Info: exercise2_3.jpg used on input line 269.
(pdftex.def)             Requested size: 221.33018pt x 498.1686pt.

[17 <./exercise2_3.jpg>] <exercise2_4a.png, id=92, 562.1pt x 421.575pt>
File: exercise2_4a.png Graphic file (type png)

<use exercise2_4a.png>
Package pdftex.def Info: exercise2_4a.png used on input line 281.
(pdftex.def)             Requested size: 188.21288pt x 141.15933pt.
 <exercise2_4.png, id=93, 261.97874pt x 195.73125pt>
File: exercise2_4.png Graphic file (type png)

<use exercise2_4.png>
Package pdftex.def Info: exercise2_4.png used on input line 282.
(pdftex.def)             Requested size: 188.21288pt x 140.62175pt.
 <exercise2_5.png, id=94, 562.1pt x 421.575pt>
File: exercise2_5.png Graphic file (type png)

<use exercise2_5.png>
Package pdftex.def Info: exercise2_5.png used on input line 288.
(pdftex.def)             Requested size: 188.21288pt x 141.15933pt.
 <exercise2_5a.png, id=95, 261.97874pt x 195.73125pt>
File: exercise2_5a.png Graphic file (type png)

<use exercise2_5a.png>
Package pdftex.def Info: exercise2_5a.png used on input line 289.
(pdftex.def)             Requested size: 188.21288pt x 140.62175pt.
 [18 <./exercise2_4a.png (PNG copy)> <./exercise2_4.png (PNG copy)>] <exercise2
_6a.png, id=100, 261.97874pt x 195.73125pt>
File: exercise2_6a.png Graphic file (type png)

<use exercise2_6a.png>
Package pdftex.def Info: exercise2_6a.png used on input line 295.
(pdftex.def)             Requested size: 188.21288pt x 140.62175pt.
 <exercise2_6.png, id=101, 261.97874pt x 195.73125pt>
File: exercise2_6.png Graphic file (type png)

<use exercise2_6.png>
Package pdftex.def Info: exercise2_6.png used on input line 296.
(pdftex.def)             Requested size: 188.21288pt x 140.62175pt.
 [19 <./exercise2_5.png (PNG copy)> <./exercise2_5a.png (PNG copy)> <./exercise
2_6a.png (PNG copy)> <./exercise2_6.png (PNG copy)>]
<exercise3_1.png, id=105, 311.1625pt x 236.885pt>
File: exercise3_1.png Graphic file (type png)
 <use exercise3_1.png>
Package pdftex.def Info: exercise3_1.png used on input line 315.
(pdftex.def)             Requested size: 155.58087pt x 118.4422pt.

[20 <./exercise3_1.png>] <exercise3_2.png, id=111, 457.71pt x 344.28625pt>
File: exercise3_2.png Graphic file (type png)

<use exercise3_2.png>
Package pdftex.def Info: exercise3_2.png used on input line 375.
(pdftex.def)             Requested size: 228.85445pt x 172.1427pt.
 [21 <./exercise3_2.png>]
<exercise3_3.png, id=116, 497.86pt x 373.395pt>
File: exercise3_3.png Graphic file (type png)
 <use exercise3_3.png>
Package pdftex.def Info: exercise3_3.png used on input line 386.
(pdftex.def)             Requested size: 248.92938pt x 186.69704pt.

<exercise3_4.png, id=117, 460.72125pt x 345.29pt>
File: exercise3_4.png Graphic file (type png)
 <use exercise3_4.png>
Package pdftex.def Info: exercise3_4.png used on input line 392.
(pdftex.def)             Requested size: 230.36006pt x 172.64456pt.

[22 <./exercise3_3.png>] <exercise3_5.png, id=122, 540.0175pt x 405.515pt>
File: exercise3_5.png Graphic file (type png)

<use exercise3_5.png>
Package pdftex.def Info: exercise3_5.png used on input line 400.
(pdftex.def)             Requested size: 270.00809pt x 202.75699pt.
 [23 <./exercise3_4.png>]
<exercise3_6.jpg, id=127, 1371.1225pt x 653.44125pt>
File: exercise3_6.jpg Graphic file (type jpg)
 <use exercise3_6.jpg>
Package pdftex.def Info: exercise3_6.jpg used on input line 408.
(pdftex.def)             Requested size: 479.90007pt x 228.70786pt.

Overfull \hbox (61.6464pt too wide) in paragraph at lines 408--409
 [] 
 []

[24 <./exercise3_5.png> <./exercise3_6.jpg>]
<exercise3_7.jpg, id=133, 1371.1225pt x 653.44125pt>
File: exercise3_7.jpg Graphic file (type jpg)
 <use exercise3_7.jpg>
Package pdftex.def Info: exercise3_7.jpg used on input line 425.
(pdftex.def)             Requested size: 479.90007pt x 228.70786pt.

Overfull \hbox (61.6464pt too wide) in paragraph at lines 425--426
 [] 
 []

[25] <exercise3_8.jpg, id=137, 438.13687pt x 231.86626pt>
File: exercise3_8.jpg Graphic file (type jpg)

<use exercise3_8.jpg>
Package pdftex.def Info: exercise3_8.jpg used on input line 437.
(pdftex.def)             Requested size: 219.06789pt x 115.93283pt.
 [26 <./exercise3_7.jpg>] [27 <./exercise3_8.jpg>]
<relaxation1_1.png, id=144, 1204.5pt x 501.875pt>
File: relaxation1_1.png Graphic file (type png)
 <use relaxation1_1.png>
Package pdftex.def Info: relaxation1_1.png used on input line 489.
(pdftex.def)             Requested size: 418.25368pt x 174.27278pt.

<relaxation1_1a.png, id=145, 1204.5pt x 501.875pt>
File: relaxation1_1a.png Graphic file (type png)
 <use relaxation1_1a.png>
Package pdftex.def Info: relaxation1_1a.png used on input line 497.
(pdftex.def)             Requested size: 418.25368pt x 174.27278pt.

[28 <./relaxation1_1.png (PNG copy)>]
<relaxation1_1b.png, id=149, 1204.5pt x 501.875pt>
File: relaxation1_1b.png Graphic file (type png)
 <use relaxation1_1b.png>
Package pdftex.def Info: relaxation1_1b.png used on input line 504.
(pdftex.def)             Requested size: 418.25368pt x 174.27278pt.

<relaxation1_2.png, id=150, 1204.5pt x 501.875pt>
File: relaxation1_2.png Graphic file (type png)
 <use relaxation1_2.png>
Package pdftex.def Info: relaxation1_2.png used on input line 514.
(pdftex.def)             Requested size: 418.25368pt x 174.27278pt.

[29 <./relaxation1_1a.png (PNG copy)> <./relaxation1_1b.png (PNG copy)>]
<relaxation1_1c.png, id=154, 1204.5pt x 501.875pt>
File: relaxation1_1c.png Graphic file (type png)
 <use relaxation1_1c.png>
Package pdftex.def Info: relaxation1_1c.png used on input line 521.
(pdftex.def)             Requested size: 418.25368pt x 174.27278pt.

[30 <./relaxation1_2.png (PNG copy)> <./relaxation1_1c.png (PNG copy)>]
<exercise5_1.png, id=159, 1204.5pt x 987.69pt>
File: exercise5_1.png Graphic file (type png)
 <use exercise5_1.png>
Package pdftex.def Info: exercise5_1.png used on input line 568.
(pdftex.def)             Requested size: 418.25368pt x 342.96884pt.
 [31]
<exercise5_1a.png, id=163, 562.1pt x 421.575pt>
File: exercise5_1a.png Graphic file (type png)
 <use exercise5_1a.png>
Package pdftex.def Info: exercise5_1a.png used on input line 573.
(pdftex.def)             Requested size: 418.25368pt x 313.69101pt.
 [32 <./exercise5_1.png (PNG copy)>] <exercise5_2.png, id=167, 562.1pt x 421.57
5pt>
File: exercise5_2.png Graphic file (type png)

<use exercise5_2.png>
Package pdftex.def Info: exercise5_2.png used on input line 580.
(pdftex.def)             Requested size: 418.25368pt x 313.69101pt.
 [33 <./exercise5_1a.png (PNG copy)>] [34 <./exercise5_2.png (PNG copy)>] <SOR_
1.png, id=174, 407.121pt x 201.3924pt>
File: SOR_1.png Graphic file (type png)
 <use SOR_1.png>
Package pdftex.def Info: SOR_1.png used on input line 600.
(pdftex.def)             Requested size: 418.25368pt x 206.91098pt.

<SOR_2.png, id=175, 416.2752pt x 297.7524pt>
File: SOR_2.png Graphic file (type png)
 <use SOR_2.png>
Package pdftex.def Info: SOR_2.png used on input line 605.
(pdftex.def)             Requested size: 418.25368pt x 299.1828pt.
 [35 <./SOR_1.png>] <SOR_3.png, id=180, 377.2494pt x 283.7802pt>
File: SOR_3.png Graphic file (type png)
 <use SOR_3.png>
Package pdftex.def Info: SOR_3.png used on input line 610.
(pdftex.def)             Requested size: 418.25368pt x 314.649pt.
 [36 <./SOR_2.png>] [37 <./SOR_3.png>] (./report.aux) ) 
Here is how much of TeX's memory you used:
 3248 strings out of 493014
 45064 string characters out of 6133351
 110263 words of memory out of 5000000
 6700 multiletter control sequences out of 15000+600000
 11212 words of font info for 43 fonts, out of 8000000 for 9000
 1141 hyphenation exceptions out of 8191
 38i,10n,26p,935b,241s stack positions out of 5000i,500n,10000p,200000b,80000s
</usr/local/texlive/2016
/texmf-dist/fonts/type1/public/amsfonts/cm/cmbx12.pfb></usr/local/texlive/2016/
texmf-dist/fonts/type1/public/amsfonts/cm/cmex10.pfb></usr/local/texlive/2016/t
exmf-dist/fonts/type1/public/amsfonts/cmextra/cmex8.pfb></usr/local/texlive/201
6/texmf-dist/fonts/type1/public/amsfonts/cm/cmmi10.pfb></usr/local/texlive/2016
/texmf-dist/fonts/type1/public/amsfonts/cm/cmmi6.pfb></usr/local/texlive/2016/t
exmf-dist/fonts/type1/public/amsfonts/cm/cmmi8.pfb></usr/local/texlive/2016/tex
mf-dist/fonts/type1/public/amsfonts/cm/cmr10.pfb></usr/local/texlive/2016/texmf
-dist/fonts/type1/public/amsfonts/cm/cmr12.pfb></usr/local/texlive/2016/texmf-d
ist/fonts/type1/public/amsfonts/cm/cmr17.pfb></usr/local/texlive/2016/texmf-dis
t/fonts/type1/public/amsfonts/cm/cmr6.pfb></usr/local/texlive/2016/texmf-dist/f
onts/type1/public/amsfonts/cm/cmr8.pfb></usr/local/texlive/2016/texmf-dist/font
s/type1/public/amsfonts/cm/cmsy10.pfb></usr/local/texlive/2016/texmf-dist/fonts
/type1/public/amsfonts/cm/cmsy6.pfb></usr/local/texlive/2016/texmf-dist/fonts/t
ype1/public/amsfonts/cm/cmsy8.pfb></usr/local/texlive/2016/texmf-dist/fonts/typ
e1/public/amsfonts/cm/cmtt10.pfb>
Output written on report.pdf (38 pages, 2968791 bytes).
PDF statistics:
 241 PDF objects out of 1000 (max. 8388607)
 133 compressed objects within 2 object streams
 0 named destinations out of 1000 (max. 500000)
 216 words of extra memory for PDF output out of 10000 (max. 10000000)

